[0m16:05:22.726205 [debug] [MainThread]: Sending event: {'category': 'dbt', 'action': 'invocation', 'label': 'start', 'context': [<snowplow_tracker.self_describing_json.SelfDescribingJson object at 0x102d17460>, <snowplow_tracker.self_describing_json.SelfDescribingJson object at 0x105a1c7c0>, <snowplow_tracker.self_describing_json.SelfDescribingJson object at 0x105a44520>]}


============================== 16:05:22.728494 | 66fe977e-726f-42df-80ba-da3164c8c00d ==============================
[0m16:05:22.728494 [info ] [MainThread]: Running with dbt=1.7.9
[0m16:05:22.728788 [debug] [MainThread]: running dbt with arguments {'printer_width': '80', 'indirect_selection': 'eager', 'write_json': 'True', 'log_cache_events': 'False', 'partial_parse': 'True', 'cache_selected_only': 'False', 'warn_error': 'None', 'debug': 'False', 'version_check': 'True', 'log_path': 'logs', 'profiles_dir': '/Users/nadroj/.dbt', 'fail_fast': 'False', 'use_colors': 'True', 'use_experimental_parser': 'False', 'no_print': 'None', 'quiet': 'False', 'warn_error_options': 'WarnErrorOptions(include=[], exclude=[])', 'invocation_command': 'dbt init', 'log_format': 'default', 'static_parser': 'True', 'target_path': 'None', 'introspect': 'True', 'send_anonymous_usage_stats': 'True'}
[0m16:05:22.729065 [warn ] [MainThread]: [ConfigFolderDirectory]: Unable to parse dict {'dir': PosixPath('/Users/nadroj/.dbt')}
[0m16:05:22.729230 [info ] [MainThread]: Creating dbt configuration folder at 
[0m16:05:54.381557 [debug] [MainThread]: Starter project path: /Users/nadroj/Desktop/Env_virtuels/DBT_Core/dbt_env/lib/python3.9/site-packages/dbt/include/starter_project
[0m16:05:54.395024 [info ] [MainThread]: 
Your new dbt project "dbt_core" was created!

For more information on how to configure the profiles.yml file,
please consult the dbt documentation here:

  https://docs.getdbt.com/docs/configure-your-profile

One more thing:

Need help? Don't hesitate to reach out to us via GitHub issues or on Slack:

  https://community.getdbt.com/

Happy modeling!

[0m16:05:54.396179 [info ] [MainThread]: Setting up your profile.
[0m16:06:04.573153 [info ] [MainThread]: Profile dbt_core written to /Users/nadroj/.dbt/profiles.yml using target's sample configuration. Once updated, you'll be able to start developing with dbt.
[0m16:06:04.575488 [debug] [MainThread]: Sending event: {'category': 'dbt', 'action': 'invocation', 'label': 'end', 'context': [<snowplow_tracker.self_describing_json.SelfDescribingJson object at 0x102d17460>, <snowplow_tracker.self_describing_json.SelfDescribingJson object at 0x105fb28e0>, <snowplow_tracker.self_describing_json.SelfDescribingJson object at 0x105fb2c40>]}
[0m16:06:04.575809 [debug] [MainThread]: Flushing usage events
